[13-Nov-2020 10:55:42 Europe/Berlin] PHP Warning:  file_get_contents(): remote host file access not supported, file://input in C:\xampp\htdocs\altvel\app\Providers\Application.php on line 61
[13-Nov-2020 10:55:42 Europe/Berlin] PHP Warning:  file_get_contents(file://input): failed to open stream: no suitable wrapper could be found in C:\xampp\htdocs\altvel\app\Providers\Application.php on line 61
[13-Nov-2020 10:55:42 Europe/Berlin] PHP Warning:  Creating default object from empty value in C:\xampp\htdocs\altvel\app\Providers\Application.php on line 72
[13-Nov-2020 10:55:47 Europe/Berlin] PHP Fatal error:  Uncaught TypeError: Argument 1 passed to Seven\Router\Router::call() must be callable, array given, called in C:\xampp\htdocs\altvel\vendor\sevens\router\src\Router.php on line 135 and defined in C:\xampp\htdocs\altvel\vendor\sevens\router\src\Router.php:162
Stack trace:
#0 C:\xampp\htdocs\altvel\vendor\sevens\router\src\Router.php(135): Seven\Router\Router->call(Array, Array)
#1 C:\xampp\htdocs\altvel\vendor\sevens\router\src\Router.php(336): Seven\Router\Router->__invoke(Object(stdClass), Object(class@anonymous))
#2 C:\xampp\htdocs\altvel\vendor\sevens\router\src\Router.php(363): Seven\Router\Router->process('GET', '', Array)
#3 C:\xampp\htdocs\altvel\index.php(88): Seven\Router\Router->run('GET', '')
#4 {main}
  thrown in C:\xampp\htdocs\altvel\vendor\sevens\router\src\Router.php on line 162
[13-Nov-2020 10:58:41 Europe/Berlin] PHP Fatal error:  Uncaught TypeError: Argument 1 passed to Seven\Router\Router::call() must be callable, array given, called in C:\xampp\htdocs\altvel\vendor\sevens\router\src\Router.php on line 135 and defined in C:\xampp\htdocs\altvel\vendor\sevens\router\src\Router.php:162
Stack trace:
#0 C:\xampp\htdocs\altvel\vendor\sevens\router\src\Router.php(135): Seven\Router\Router->call(Array, Array)
#1 C:\xampp\htdocs\altvel\vendor\sevens\router\src\Router.php(336): Seven\Router\Router->__invoke(Object(stdClass), Object(class@anonymous))
#2 C:\xampp\htdocs\altvel\vendor\sevens\router\src\Router.php(363): Seven\Router\Router->process('GET', '', Array)
#3 C:\xampp\htdocs\altvel\index.php(88): Seven\Router\Router->run('GET', '')
#4 {main}
  thrown in C:\xampp\htdocs\altvel\vendor\sevens\router\src\Router.php on line 162
[13-Nov-2020 11:01:43 Europe/Berlin] PHP Fatal error:  Uncaught Error: Call to undefined method App\Providers\Application::get() in C:\xampp\htdocs\altvel\app\Helper\Helpers.php:91
Stack trace:
#0 C:\xampp\htdocs\altvel\app\Helper\Helpers.php(88): class@anonymous->__construct()
#1 C:\xampp\htdocs\altvel\app\Controllers\HomeController.php(10): view('home.index')
#2 [internal function]: App\Controllers\HomeController->Index()
#3 C:\xampp\htdocs\altvel\vendor\php-di\invoker\src\Invoker.php(75): call_user_func_array(Array, Array)
#4 C:\xampp\htdocs\altvel\vendor\php-di\php-di\src\Container.php(269): Invoker\Invoker->call(Array, Array)
#5 C:\xampp\htdocs\altvel\vendor\sevens\router\src\Router.php(168): DI\Container->call(Array, Array)
#6 C:\xampp\htdocs\altvel\vendor\sevens\router\src\Router.php(135): Seven\Router\Router->call(Array, Array)
#7 C:\xampp\htdocs\altvel\vendor\sevens\router\src\Router.php(336): Seven\Router\Router->__invoke(Object(stdClass), Object(class@anonymous))
#8 C:\xampp\htdocs\altvel\vendor\sevens\router\src\Router.php(363): Seven\Router\Router->p in C:\xampp\htdocs\altvel\app\Helper\Helpers.php on line 91
[13-Nov-2020 11:16:42 Europe/Berlin] PHP Fatal error:  Uncaught Error: Call to undefined method App\Providers\Application::congig() in C:\xampp\htdocs\altvel\app\Helper\Helpers.php:91
Stack trace:
#0 C:\xampp\htdocs\altvel\app\Helper\Helpers.php(88): class@anonymous->__construct()
#1 C:\xampp\htdocs\altvel\app\Controllers\HomeController.php(10): view('home.index')
#2 [internal function]: App\Controllers\HomeController->Index()
#3 C:\xampp\htdocs\altvel\vendor\php-di\invoker\src\Invoker.php(75): call_user_func_array(Array, Array)
#4 C:\xampp\htdocs\altvel\vendor\php-di\php-di\src\Container.php(269): Invoker\Invoker->call(Array, Array)
#5 C:\xampp\htdocs\altvel\vendor\sevens\router\src\Router.php(168): DI\Container->call(Array, Array)
#6 C:\xampp\htdocs\altvel\vendor\sevens\router\src\Router.php(135): Seven\Router\Router->call(Array, Array)
#7 C:\xampp\htdocs\altvel\vendor\sevens\router\src\Router.php(336): Seven\Router\Router->__invoke(Object(stdClass), Object(class@anonymous))
#8 C:\xampp\htdocs\altvel\vendor\sevens\router\src\Router.php(363): Seven\Router\Router in C:\xampp\htdocs\altvel\app\Helper\Helpers.php on line 91
[13-Nov-2020 11:26:49 Europe/Berlin] PHP Notice:  compact(): Undefined variable: welcome here in C:\xampp\htdocs\altvel\app\Helper\Helpers.php on line 100
[13-Nov-2020 11:26:51 Europe/Berlin] PHP Notice:  Undefined variable: home in C:\xampp\htdocs\altvel\cache\87d2f7cea42f74d04bbff6ea999227a615471dbd.php on line 7
[13-Nov-2020 11:28:35 Europe/Berlin] PHP Notice:  compact(): Undefined variable: welcome here in C:\xampp\htdocs\altvel\app\Helper\Helpers.php on line 100
[13-Nov-2020 11:28:36 Europe/Berlin] PHP Notice:  Undefined variable: home in C:\xampp\htdocs\altvel\cache\87d2f7cea42f74d04bbff6ea999227a615471dbd.php on line 7
[13-Nov-2020 11:33:05 Europe/Berlin] PHP Notice:  compact(): Undefined variable: welcome here in C:\xampp\htdocs\altvel\app\Helper\Helpers.php on line 99
[13-Nov-2020 11:41:55 Europe/Berlin] PHP Fatal error:  Uncaught TypeError: Argument 2 passed to Jenssegers\Blade\Blade::render() must be of the type array, int given, called in C:\xampp\htdocs\altvel\app\Helper\Helpers.php on line 100 and defined in C:\xampp\htdocs\altvel\vendor\jenssegers\blade\src\Blade.php:45
Stack trace:
#0 C:\xampp\htdocs\altvel\app\Helper\Helpers.php(100): Jenssegers\Blade\Blade->render('home.index', 1)
#1 C:\xampp\htdocs\altvel\app\Helper\Helpers.php(106): class@anonymous->rend('home.index', Array)
#2 C:\xampp\htdocs\altvel\app\Controllers\HomeController.php(11): view('home.index', Array)
#3 [internal function]: App\Controllers\HomeController->Index()
#4 C:\xampp\htdocs\altvel\vendor\php-di\invoker\src\Invoker.php(75): call_user_func_array(Array, Array)
#5 C:\xampp\htdocs\altvel\vendor\php-di\php-di\src\Container.php(269): Invoker\Invoker->call(Array, Array)
#6 C:\xampp\htdocs\altvel\vendor\sevens\router\src\Router.php(168): DI\Container->call(Array, Array)
#7 C:\xampp\htdocs\altvel\vendor\sevens\router\src\Router.php(135): Seven\Router\Ro in C:\xampp\htdocs\altvel\vendor\jenssegers\blade\src\Blade.php on line 45
[13-Nov-2020 11:45:37 Europe/Berlin] PHP Notice:  compact(): Undefined variable: welcome here in C:\xampp\htdocs\altvel\app\Controllers\HomeController.php on line 11
[13-Nov-2020 11:45:44 Europe/Berlin] PHP Notice:  Undefined variable: home in C:\xampp\htdocs\altvel\cache\87d2f7cea42f74d04bbff6ea999227a615471dbd.php on line 7
[13-Nov-2020 11:47:26 Europe/Berlin] PHP Notice:  compact(): Undefined variable: welcome here in C:\xampp\htdocs\altvel\app\Controllers\HomeController.php on line 11
[13-Nov-2020 11:47:28 Europe/Berlin] PHP Notice:  Undefined variable: home in C:\xampp\htdocs\altvel\cache\87d2f7cea42f74d04bbff6ea999227a615471dbd.php on line 8
[13-Nov-2020 11:50:42 Europe/Berlin] PHP Notice:  compact(): Undefined variable: welcome here in C:\xampp\htdocs\altvel\app\Controllers\HomeController.php on line 11
[13-Nov-2020 11:50:47 Europe/Berlin] PHP Notice:  Undefined variable: home in C:\xampp\htdocs\altvel\cache\87d2f7cea42f74d04bbff6ea999227a615471dbd.php on line 8
[13-Nov-2020 11:51:20 Europe/Berlin] PHP Notice:  compact(): Undefined variable: welcome here shows in C:\xampp\htdocs\altvel\app\Controllers\HomeController.php on line 11
[13-Nov-2020 11:51:22 Europe/Berlin] PHP Notice:  Undefined variable: home in C:\xampp\htdocs\altvel\cache\87d2f7cea42f74d04bbff6ea999227a615471dbd.php on line 8
[13-Nov-2020 13:17:03 Europe/Berlin] PHP Fatal error:  Uncaught Error: Call to undefined method stdClass::input() in C:\xampp\htdocs\altvel\app\Controllers\HomeController.php:10
Stack trace:
#0 [internal function]: App\Controllers\HomeController->Index(Object(stdClass), Object(class@anonymous))
#1 C:\xampp\htdocs\altvel\vendor\php-di\invoker\src\Invoker.php(75): call_user_func_array(Array, Array)
#2 C:\xampp\htdocs\altvel\vendor\php-di\php-di\src\Container.php(269): Invoker\Invoker->call(Array, Array)
#3 C:\xampp\htdocs\altvel\vendor\sevens\router\src\Router.php(168): DI\Container->call(Array, Array)
#4 C:\xampp\htdocs\altvel\vendor\sevens\router\src\Router.php(135): Seven\Router\Router->call(Array, Array)
#5 C:\xampp\htdocs\altvel\vendor\sevens\router\src\Router.php(336): Seven\Router\Router->__invoke(Object(stdClass), Object(class@anonymous))
#6 C:\xampp\htdocs\altvel\vendor\sevens\router\src\Router.php(363): Seven\Router\Router->process('GET', '', Array)
#7 C:\xampp\htdocs\altvel\index.php(88): Seven\Router\Router->run('GET', '')
#8 {main}
  thrown in C:\xampp\htdocs\altvel\app\Controllers\HomeController.php on line 10
[14-Nov-2020 01:36:16 Europe/Berlin] PHP Fatal error:  Uncaught TypeError: Argument 2 passed to Jenssegers\Blade\Blade::render() must be of the type array, int given, called in C:\xampp\htdocs\altvel\app\Helper\Helpers.php on line 100 and defined in C:\xampp\htdocs\altvel\vendor\jenssegers\blade\src\Blade.php:45
Stack trace:
#0 C:\xampp\htdocs\altvel\app\Helper\Helpers.php(100): Jenssegers\Blade\Blade->render('home.index', 1)
#1 C:\xampp\htdocs\altvel\app\Helper\Helpers.php(109): class@anonymous->rend('home.index', Array)
#2 C:\xampp\htdocs\altvel\app\Controllers\HomeController.php(11): view('home.index', Array)
#3 [internal function]: App\Controllers\HomeController->Index(Object(class@anonymous), Object(class@anonymous))
#4 C:\xampp\htdocs\altvel\vendor\php-di\invoker\src\Invoker.php(75): call_user_func_array(Array, Array)
#5 C:\xampp\htdocs\altvel\vendor\php-di\php-di\src\Container.php(269): Invoker\Invoker->call(Array, Array)
#6 C:\xampp\htdocs\altvel\vendor\sevens\router\src\Router.php(168): DI\Container->call(Array, Array)
#7 C:\xampp\htdocs\altvel\vendor\se in C:\xampp\htdocs\altvel\vendor\jenssegers\blade\src\Blade.php on line 45
